{"ts":1670803413451,"action":"PROJECT_OPENED","tags":{"PROJECT_NAME":"BeeEngine"}}
{"ts":1670803415721,"action":"IDE_DEACTIVATED"}
{"ts":1670803419726,"action":"FILE_OPENED","file":"/BeeEngine/Class1.cs","tags":{"FILE_LINE_OF_CODE":"5"}}
{"ts":1670803419733,"action":"IDE_ACTIVATED"}
{"ts":1670803448113,"action":"FILE_CLOSED","file":"/BeeEngine/Class1.cs","tags":{"FILE_LINE_OF_CODE":"5"}}
{"ts":1670803496978,"action":"IDE_DEACTIVATED"}
{"ts":1670803510656,"action":"IDE_ACTIVATED"}
{"ts":1670803520712,"action":"IDE_DEACTIVATED"}
{"ts":1670803537682,"action":"IDE_ACTIVATED"}
{"ts":1670803537819,"action":"FILE_OPENED","file":"/BeeEngine/Engine/Camera.cs","tags":{"FILE_LINE_OF_CODE":"371"}}
{"ts":1670803549783,"action":"FILE_CLOSED","file":"/BeeEngine/Engine/Camera.cs","tags":{"FILE_LINE_OF_CODE":"371"}}
{"ts":1670803549783,"action":"FILE_OPENED","file":"/BeeEngine/Engine/GameEngine.cs","tags":{"FILE_LINE_OF_CODE":"414"}}
{"ts":1670803557910,"action":"IDE_DEACTIVATED"}
{"ts":1670803566305,"action":"IDE_ACTIVATED"}
{"ts":1670803567389,"action":"FILE_CLOSED","file":"/BeeEngine/Engine/GameEngine.cs","tags":{"FILE_LINE_OF_CODE":"414"}}
{"ts":1670803582103,"action":"FILE_CLOSED","file":"/BeeEngine/GlobalUsings.cs","tags":{"FILE_LINE_OF_CODE":"19"}}
{"ts":1670803582103,"action":"FILE_OPENED","file":"/BeeEngine/Engine/Graphics/Drawing/FastBitmap.cs","tags":{"FILE_LINE_OF_CODE":"1249"}}
{"ts":1670803607226,"action":"FILE_CLOSED","file":"/BeeEngine/Engine/Graphics/Drawing/FastBitmap.cs","tags":{"FILE_LINE_OF_CODE":"1249"}}
{"ts":1670803607226,"action":"FILE_OPENED","file":"/BeeEngine/Engine/GameEngine.cs","tags":{"FILE_LINE_OF_CODE":"414"}}
{"ts":1670803644768,"action":"FILE_CLOSED","file":"/BeeEngine/Engine/GameEngine.cs","tags":{"FILE_LINE_OF_CODE":"414"}}
{"ts":1670803644768,"action":"FILE_OPENED","file":"/BeeEngine/Engine/Graphics/Drawing/FastBitmap.cs","tags":{"FILE_LINE_OF_CODE":"1250"}}
{"ts":1670803648254,"action":"IDE_DEACTIVATED"}
{"ts":1670803650016,"action":"IDE_ACTIVATED"}
{"ts":1670803650925,"action":"IDE_DEACTIVATED"}
{"ts":1670803887374,"action":"IDE_ACTIVATED"}
{"ts":1670803899857,"action":"FILE_CLOSED","file":"/BeeEngine/Engine/Graphics/Drawing/FastBitmap.cs","tags":{"FILE_LINE_OF_CODE":"1250"}}
{"ts":1670803899857,"action":"FILE_OPENED","file":"/BeeEngine/obj/Release/net7.0-windows/BeeEngine.AssemblyInfo.cs","tags":{"FILE_LINE_OF_CODE":"25"}}
{"ts":1670803946147,"action":"IDE_DEACTIVATED"}
{"ts":1670803964840,"action":"IDE_ACTIVATED"}
{"ts":1670803966354,"action":"FILE_CLOSED","file":"/BeeEngine/obj/Release/net7.0-windows/BeeEngine.AssemblyInfo.cs","tags":{"FILE_LINE_OF_CODE":"19"}}
{"ts":1670803966354,"action":"FILE_OPENED","file":"/BeeEngine/Engine/Graphics/Drawing/FastBitmap.cs","tags":{"FILE_LINE_OF_CODE":"1250"}}
{"ts":1670804009534,"action":"IDE_DEACTIVATED"}
{"ts":1670804016964,"action":"IDE_ACTIVATED"}
{"ts":1670804021251,"action":"IDE_DEACTIVATED"}
{"ts":1670804021933,"action":"IDE_ACTIVATED"}
{"ts":1670804026333,"action":"FILE_CLOSED","file":"/BeeEngine/Engine/Graphics/Drawing/FastBitmap.cs","tags":{"FILE_LINE_OF_CODE":"1250"}}
{"ts":1670804061728,"action":"IDE_DEACTIVATED"}
{"ts":1670804211622,"action":"IDE_ACTIVATED"}
{"ts":1670804234327,"action":"FILE_OPENED","file":"/BeeEngine/Engine/Graphics/Drawing/FastBitmap.cs","tags":{"FILE_LINE_OF_CODE":"1250"}}
{"ts":1670804240214,"action":"IDE_DEACTIVATED"}
{"ts":1670804265323,"action":"IDE_ACTIVATED"}
{"ts":1670804270694,"action":"IDE_DEACTIVATED"}
{"ts":1670804304913,"action":"IDE_ACTIVATED"}
{"ts":1670804316383,"action":"IDE_DEACTIVATED"}
{"ts":1670804316501,"action":"IDE_ACTIVATED"}
{"ts":1670804318181,"action":"IDE_DEACTIVATED"}
{"ts":1670804336438,"action":"IDE_ACTIVATED"}
{"ts":1670804382985,"action":"FILE_CLOSED","file":"/BeeEngine/Engine/Graphics/Drawing/FastBitmap.cs","tags":{"FILE_LINE_OF_CODE":"1250"}}
{"ts":1670804382985,"action":"FILE_OPENED","file":"/BeeEngine/Engine/WinForm.cs","tags":{"FILE_LINE_OF_CODE":"205"}}
{"ts":1670804461556,"action":"IDE_DEACTIVATED"}
{"ts":1670804482065,"action":"IDE_ACTIVATED"}
{"ts":1670804549534,"action":"FILE_CLOSED","file":"/BeeEngine/Engine/WinForm.cs","tags":{"FILE_LINE_OF_CODE":"205"}}
{"ts":1670804568737,"action":"FILE_OPENED","file":"/BeeEngine/Engine/WinForm.cs","tags":{"FILE_LINE_OF_CODE":"205"}}
{"ts":1670804603972,"action":"IDE_DEACTIVATED"}
{"ts":1670804604098,"action":"IDE_ACTIVATED"}
{"ts":1670804624890,"action":"IDE_DEACTIVATED"}
{"ts":1670804624989,"action":"IDE_ACTIVATED"}
{"ts":1670804719280,"action":"FILE_CLOSED","file":"/BeeEngine/Engine/WinForm.cs","tags":{"FILE_LINE_OF_CODE":"205"}}
{"ts":1670804740388,"action":"FILE_CLOSED","file":"/BeeEngine/Engine/EditorConnection/IMainView.cs","tags":{"FILE_LINE_OF_CODE":"6"}}
{"ts":1670804740388,"action":"FILE_OPENED","file":"/BeeEngine/Engine/WinForm.cs","tags":{"FILE_LINE_OF_CODE":"205"}}
{"ts":1670804749328,"action":"FILE_CLOSED","file":"/BeeEngine/Engine/WinForm.cs","tags":{"FILE_LINE_OF_CODE":"205"}}
{"ts":1670804749328,"action":"FILE_OPENED","file":"/BeeEngine/Engine/EditorConnection/IMainView.cs","tags":{"FILE_LINE_OF_CODE":"6"}}
{"ts":1670804764520,"action":"FILE_CLOSED","file":"/BeeEngine/Engine/EditorConnection/IMainView.cs","tags":{"FILE_LINE_OF_CODE":"6"}}
{"ts":1670804764520,"action":"FILE_OPENED","file":"/BeeEngine/Engine/WinForm.cs","tags":{"FILE_LINE_OF_CODE":"205"}}
{"ts":1670804773160,"action":"FILE_CLOSED","file":"/BeeEngine/Engine/WinForm.cs","tags":{"FILE_LINE_OF_CODE":"206"}}
{"ts":1670804773160,"action":"FILE_OPENED","file":"/BeeEngine/Engine/GameEngine.cs","tags":{"FILE_LINE_OF_CODE":"414"}}
{"ts":1670804863973,"action":"FILE_CLOSED","file":"/BeeEngine/Engine/GameEngine.cs","tags":{"FILE_LINE_OF_CODE":"415"}}
{"ts":1670804869436,"action":"FILE_OPENED","file":"/BeeEngine/Engine/EditorConnection/IMainView.cs","tags":{"FILE_LINE_OF_CODE":"6"}}
{"ts":1670804877018,"action":"FILE_CLOSED","file":"/BeeEngine/Engine/EditorConnection/IMainView.cs","tags":{"FILE_LINE_OF_CODE":"7"}}
{"ts":1670804877018,"action":"FILE_OPENED","file":"/BeeEngine/Engine/WinForm.cs","tags":{"FILE_LINE_OF_CODE":"206"}}
{"ts":1670804890056,"action":"FILE_CLOSED","file":"/BeeEngine/Engine/WinForm.cs","tags":{"FILE_LINE_OF_CODE":"206"}}
{"ts":1670804890056,"action":"FILE_OPENED","file":"/BeeEngine/Engine/GameEngine.cs","tags":{"FILE_LINE_OF_CODE":"415"}}
{"ts":1670804893373,"action":"FILE_CLOSED","file":"/BeeEngine/Engine/GameEngine.cs","tags":{"FILE_LINE_OF_CODE":"415"}}
{"ts":1670804893373,"action":"FILE_OPENED","file":"/BeeEngine/Engine/EditorConnection/IMainView.cs","tags":{"FILE_LINE_OF_CODE":"7"}}
{"ts":1670804901380,"action":"FILE_CLOSED","file":"/BeeEngine/Engine/EditorConnection/IMainView.cs","tags":{"FILE_LINE_OF_CODE":"7"}}
{"ts":1670804901380,"action":"FILE_OPENED","file":"/BeeEngine/Engine/GameEngine.cs","tags":{"FILE_LINE_OF_CODE":"415"}}
{"ts":1670804904554,"action":"FILE_CLOSED","file":"/BeeEngine/Engine/GameEngine.cs","tags":{"FILE_LINE_OF_CODE":"415"}}
{"ts":1670804910282,"action":"FILE_OPENED","file":"/BeeEngine/Engine/WinForm.cs","tags":{"FILE_LINE_OF_CODE":"206"}}
{"ts":1670804912456,"action":"FILE_CLOSED","file":"/BeeEngine/Engine/WinForm.cs","tags":{"FILE_LINE_OF_CODE":"206"}}
{"ts":1670804912456,"action":"FILE_OPENED","file":"/BeeEngine/Engine/Graphics/Drawing/FastBitmap.cs","tags":{"FILE_LINE_OF_CODE":"1250"}}
{"ts":1670804913856,"action":"FILE_CLOSED","file":"/BeeEngine/Engine/Graphics/Drawing/FastBitmap.cs","tags":{"FILE_LINE_OF_CODE":"1250"}}
{"ts":1670804913856,"action":"FILE_OPENED","file":"/BeeEngine/GlobalUsings.cs","tags":{"FILE_LINE_OF_CODE":"19"}}
{"ts":1670804914792,"action":"FILE_CLOSED","file":"/BeeEngine/GlobalUsings.cs","tags":{"FILE_LINE_OF_CODE":"19"}}
{"ts":1670804915693,"action":"FILE_OPENED","file":"/BeeEngine/Engine/EditorConnection/IMainView.cs","tags":{"FILE_LINE_OF_CODE":"7"}}
{"ts":1670804921788,"action":"FILE_CLOSED","file":"/BeeEngine/Engine/EditorConnection/IMainView.cs","tags":{"FILE_LINE_OF_CODE":"9"}}
{"ts":1670804921788,"action":"FILE_OPENED","file":"/BeeEngine/Engine/GameEngine.cs","tags":{"FILE_LINE_OF_CODE":"415"}}
{"ts":1670804925021,"action":"FILE_CLOSED","file":"/BeeEngine/Engine/GameEngine.cs","tags":{"FILE_LINE_OF_CODE":"415"}}
{"ts":1670804932752,"action":"FILE_OPENED","file":"/BeeEngine/Engine/EditorConnection/IMainView.cs","tags":{"FILE_LINE_OF_CODE":"9"}}
{"ts":1670804938215,"action":"FILE_CLOSED","file":"/BeeEngine/Engine/EditorConnection/IMainView.cs","tags":{"FILE_LINE_OF_CODE":"10"}}
{"ts":1670804939498,"action":"FILE_OPENED","file":"/BeeEngine/Engine/GameEngine.cs","tags":{"FILE_LINE_OF_CODE":"415"}}
{"ts":1670804943036,"action":"FILE_CLOSED","file":"/BeeEngine/Engine/GameEngine.cs","tags":{"FILE_LINE_OF_CODE":"415"}}
{"ts":1670804947530,"action":"FILE_OPENED","file":"/BeeEngine/Engine/EditorConnection/IMainView.cs","tags":{"FILE_LINE_OF_CODE":"10"}}
{"ts":1670804957040,"action":"FILE_CLOSED","file":"/BeeEngine/Engine/EditorConnection/IMainView.cs","tags":{"FILE_LINE_OF_CODE":"10"}}
{"ts":1670804957040,"action":"FILE_OPENED","file":"/BeeEngine/Engine/GameEngine.cs","tags":{"FILE_LINE_OF_CODE":"415"}}
{"ts":1670805106618,"action":"FILE_CLOSED","file":"/BeeEngine/Engine/GameEngine.cs","tags":{"FILE_LINE_OF_CODE":"416"}}
{"ts":1670805106618,"action":"FILE_OPENED","file":"/BeeEngine/Engine/EditorConnection/IMainView.cs","tags":{"FILE_LINE_OF_CODE":"10"}}
{"ts":1670805121631,"action":"FILE_CLOSED","file":"/BeeEngine/Engine/EditorConnection/IMainView.cs","tags":{"FILE_LINE_OF_CODE":"11"}}
{"ts":1670805121631,"action":"FILE_OPENED","file":"/BeeEngine/Engine/GameEngine.cs","tags":{"FILE_LINE_OF_CODE":"416"}}
{"ts":1670805134034,"action":"FILE_CLOSED","file":"/BeeEngine/Engine/GameEngine.cs","tags":{"FILE_LINE_OF_CODE":"416"}}
{"ts":1670805134034,"action":"FILE_OPENED","file":"/BeeEngine/Engine/EditorConnection/IMainView.cs","tags":{"FILE_LINE_OF_CODE":"11"}}
{"ts":1670805147965,"action":"FILE_CLOSED","file":"/BeeEngine/Engine/EditorConnection/IMainView.cs","tags":{"FILE_LINE_OF_CODE":"12"}}
{"ts":1670805147965,"action":"FILE_OPENED","file":"/BeeEngine/Engine/GameEngine.cs","tags":{"FILE_LINE_OF_CODE":"416"}}
{"ts":1670805155757,"action":"FILE_CLOSED","file":"/BeeEngine/Engine/GameEngine.cs","tags":{"FILE_LINE_OF_CODE":"416"}}
{"ts":1670805155757,"action":"FILE_OPENED","file":"/BeeEngine/Engine/EditorConnection/IMainView.cs","tags":{"FILE_LINE_OF_CODE":"12"}}
{"ts":1670805167356,"action":"FILE_CLOSED","file":"/BeeEngine/Engine/EditorConnection/IMainView.cs","tags":{"FILE_LINE_OF_CODE":"13"}}
{"ts":1670805167356,"action":"FILE_OPENED","file":"/BeeEngine/Engine/GameEngine.cs","tags":{"FILE_LINE_OF_CODE":"416"}}
{"ts":1670805183494,"action":"FILE_CLOSED","file":"/BeeEngine/Engine/GameEngine.cs","tags":{"FILE_LINE_OF_CODE":"416"}}
{"ts":1670805184836,"action":"FILE_OPENED","file":"/BeeEngine/Engine/EditorConnection/IMainView.cs","tags":{"FILE_LINE_OF_CODE":"13"}}
{"ts":1670805199748,"action":"FILE_CLOSED","file":"/BeeEngine/Engine/EditorConnection/IMainView.cs","tags":{"FILE_LINE_OF_CODE":"14"}}
{"ts":1670805199748,"action":"FILE_OPENED","file":"/BeeEngine/Engine/GameEngine.cs","tags":{"FILE_LINE_OF_CODE":"416"}}
{"ts":1670805258321,"action":"FILE_CLOSED","file":"/BeeEngine/Engine/GameEngine.cs","tags":{"FILE_LINE_OF_CODE":"416"}}
{"ts":1670805264368,"action":"FILE_OPENED","file":"/BeeEngine/Engine/EditorConnection/IMainView.cs","tags":{"FILE_LINE_OF_CODE":"14"}}
{"ts":1670805269004,"action":"FILE_CLOSED","file":"/BeeEngine/Engine/EditorConnection/IMainView.cs","tags":{"FILE_LINE_OF_CODE":"16"}}
{"ts":1670805269004,"action":"FILE_OPENED","file":"/BeeEngine/Engine/GameEngine.cs","tags":{"FILE_LINE_OF_CODE":"416"}}
{"ts":1670805271885,"action":"FILE_CLOSED","file":"/BeeEngine/Engine/GameEngine.cs","tags":{"FILE_LINE_OF_CODE":"416"}}
{"ts":1670805276860,"action":"FILE_OPENED","file":"/BeeEngine/Engine/EditorConnection/IMainView.cs","tags":{"FILE_LINE_OF_CODE":"16"}}
{"ts":1670805280833,"action":"FILE_CLOSED","file":"/BeeEngine/Engine/EditorConnection/IMainView.cs","tags":{"FILE_LINE_OF_CODE":"16"}}
{"ts":1670805280833,"action":"FILE_OPENED","file":"/BeeEngine/Engine/GameEngine.cs","tags":{"FILE_LINE_OF_CODE":"416"}}
{"ts":1670805291255,"action":"FILE_CLOSED","file":"/BeeEngine/Engine/GameEngine.cs","tags":{"FILE_LINE_OF_CODE":"416"}}
{"ts":1670805291255,"action":"FILE_OPENED","file":"/BeeEngine/Engine/Graphics/Controls/MovableWindow.cs","tags":{"FILE_LINE_OF_CODE":"143"}}
{"ts":1670805299341,"action":"FILE_CLOSED","file":"/BeeEngine/Engine/Graphics/Controls/MovableWindow.cs","tags":{"FILE_LINE_OF_CODE":"143"}}
{"ts":1670805299341,"action":"FILE_OPENED","file":"/BeeEngine/Engine/EditorConnection/IMainView.cs","tags":{"FILE_LINE_OF_CODE":"16"}}
{"ts":1670805316251,"action":"FILE_CLOSED","file":"/BeeEngine/Engine/EditorConnection/IMainView.cs","tags":{"FILE_LINE_OF_CODE":"18"}}
{"ts":1670805316251,"action":"FILE_OPENED","file":"/BeeEngine/Engine/Graphics/Controls/MovableWindow.cs","tags":{"FILE_LINE_OF_CODE":"143"}}
{"ts":1670805320847,"action":"FILE_CLOSED","file":"/BeeEngine/Engine/Graphics/Controls/MovableWindow.cs","tags":{"FILE_LINE_OF_CODE":"143"}}
{"ts":1670805320847,"action":"FILE_OPENED","file":"/BeeEngine/Engine/GameEngine.cs","tags":{"FILE_LINE_OF_CODE":"416"}}
{"ts":1670805325456,"action":"FILE_CLOSED","file":"/BeeEngine/Engine/GameEngine.cs","tags":{"FILE_LINE_OF_CODE":"416"}}
{"ts":1670805325456,"action":"FILE_OPENED","file":"/BeeEngine/Engine/Graphics/Controls/MovableWindow.cs","tags":{"FILE_LINE_OF_CODE":"143"}}
{"ts":1670805329010,"action":"FILE_CLOSED","file":"/BeeEngine/Engine/Graphics/Controls/MovableWindow.cs","tags":{"FILE_LINE_OF_CODE":"143"}}
{"ts":1670805339729,"action":"FILE_OPENED","file":"/BeeEngine/Engine/EditorConnection/IMainView.cs","tags":{"FILE_LINE_OF_CODE":"18"}}
{"ts":1670805387410,"action":"FILE_OPENED","file":"/BeeEngine/Engine/GameEngine.cs","tags":{"FILE_LINE_OF_CODE":"416"}}
{"ts":1670805398215,"action":"FILE_CLOSED","file":"/BeeEngine/Engine/GameEngine.cs","tags":{"FILE_LINE_OF_CODE":"415"}}
{"ts":1670805398215,"action":"FILE_OPENED","file":"/BeeEngine/Engine/WinForm.cs","tags":{"FILE_LINE_OF_CODE":"206"}}
{"ts":1670805423913,"action":"FILE_CLOSED","file":"/BeeEngine/Engine/WinForm.cs","tags":{"FILE_LINE_OF_CODE":"205"}}
{"ts":1670805426784,"action":"FILE_OPENED","file":"/BeeEngine/Engine/Graphics/Controls/MovableWindow.cs","tags":{"FILE_LINE_OF_CODE":"143"}}
{"ts":1670805469677,"action":"IDE_DEACTIVATED"}
{"ts":1670805469781,"action":"IDE_ACTIVATED"}
{"ts":1670805522228,"action":"IDE_DEACTIVATED"}
{"ts":1670806155121,"action":"IDE_ACTIVATED"}
{"ts":1670806268556,"action":"IDE_DEACTIVATED"}
{"ts":1670806831244,"action":"IDE_ACTIVATED"}
{"ts":1670806846829,"action":"IDE_DEACTIVATED"}
{"ts":1670806848755,"action":"IDE_ACTIVATED"}
{"ts":1670806848758,"action":"IDE_DEACTIVATED"}
{"ts":1670806857495,"action":"IDE_ACTIVATED"}
{"ts":1670806893360,"action":"IDE_DEACTIVATED"}
{"ts":1670806894605,"action":"IDE_ACTIVATED"}
{"ts":1670806894611,"action":"IDE_DEACTIVATED"}
{"ts":1670806925276,"action":"IDE_ACTIVATED"}
{"ts":1670806933343,"action":"IDE_DEACTIVATED"}
{"ts":1670807434886,"action":"IDE_ACTIVATED"}
{"ts":1670807489914,"action":"IDE_DEACTIVATED"}
{"ts":1670807491343,"action":"IDE_ACTIVATED"}
{"ts":1670807491348,"action":"IDE_DEACTIVATED"}
{"ts":1670807500242,"action":"IDE_ACTIVATED"}
{"ts":1670807557139,"action":"IDE_DEACTIVATED"}
{"ts":1670807567260,"action":"IDE_ACTIVATED"}
{"ts":1670807607736,"action":"IDE_DEACTIVATED"}
{"ts":1670807687154,"action":"IDE_ACTIVATED"}
{"ts":1670807797080,"action":"IDE_DEACTIVATED"}
{"ts":1670807801252,"action":"IDE_ACTIVATED"}
{"ts":1670807803386,"action":"IDE_DEACTIVATED"}
{"ts":1670807808222,"action":"IDE_ACTIVATED"}
{"ts":1670807808416,"action":"IDE_DEACTIVATED"}
{"ts":1670808334303,"action":"IDE_ACTIVATED"}
{"ts":1670808336154,"action":"IDE_DEACTIVATED"}
{"ts":1670808347130,"action":"IDE_ACTIVATED"}
{"ts":1670808405888,"action":"IDE_DEACTIVATED"}
{"ts":1670808434898,"action":"IDE_ACTIVATED"}
{"ts":1670808552823,"action":"IDE_DEACTIVATED"}
{"ts":1670809032470,"action":"IDE_ACTIVATED"}
{"ts":1670809140885,"action":"IDE_DEACTIVATED"}
{"ts":1670809147876,"action":"IDE_ACTIVATED"}
{"ts":1670809149693,"action":"IDE_DEACTIVATED"}
{"ts":1670809165669,"action":"IDE_ACTIVATED"}
{"ts":1670809211723,"action":"IDE_DEACTIVATED"}
{"ts":1670809471861,"action":"IDE_ACTIVATED"}
{"ts":1670809553162,"action":"IDE_DEACTIVATED"}
{"ts":1670810381820,"action":"IDE_ACTIVATED"}
{"ts":1670810457673,"action":"IDE_DEACTIVATED"}
{"ts":1670810472497,"action":"IDE_ACTIVATED"}
{"ts":1670810476154,"action":"IDE_DEACTIVATED"}
{"ts":1670810486634,"action":"IDE_ACTIVATED"}
{"ts":1670810494096,"action":"IDE_DEACTIVATED"}
{"ts":1670811242608,"action":"IDE_ACTIVATED"}
{"ts":1670811243073,"action":"IDE_DEACTIVATED"}
{"ts":1670811250372,"action":"IDE_ACTIVATED"}
{"ts":1670811250671,"action":"FILE_CLOSED","file":"/BeeEngine/Engine/Graphics/Controls/MovableWindow.cs","tags":{"FILE_LINE_OF_CODE":"143"}}
{"ts":1670811250671,"action":"FILE_OPENED","file":"/BeeEngine/Engine/GameEngine.cs","tags":{"FILE_LINE_OF_CODE":"415"}}
{"ts":1670811260484,"action":"IDE_DEACTIVATED"}
{"ts":1670811394895,"action":"IDE_ACTIVATED"}
{"ts":1670811456451,"action":"IDE_DEACTIVATED"}
{"ts":1670811616401,"action":"IDE_ACTIVATED"}
{"ts":1670811651248,"action":"IDE_DEACTIVATED"}
{"ts":1670811666813,"action":"IDE_ACTIVATED"}
{"ts":1670811667063,"action":"FILE_CLOSED","file":"/BeeEngine/Engine/GameEngine.cs","tags":{"FILE_LINE_OF_CODE":"415"}}
{"ts":1670811667063,"action":"FILE_OPENED","file":"/BeeEngine/Engine/ObjectBehavior.cs","tags":{"FILE_LINE_OF_CODE":"7"}}
{"ts":1670811694697,"action":"IDE_DEACTIVATED"}
{"ts":1670811696311,"action":"IDE_ACTIVATED"}
{"ts":1670811710881,"action":"IDE_DEACTIVATED"}
{"ts":1670811713538,"action":"IDE_ACTIVATED"}
{"ts":1670811713783,"action":"IDE_DEACTIVATED"}
{"ts":1670814732050,"action":"IDE_ACTIVATED"}
{"ts":1670814896362,"action":"IDE_DEACTIVATED"}
{"ts":1670814897742,"action":"IDE_ACTIVATED"}
{"ts":1670814904771,"action":"IDE_DEACTIVATED"}
{"ts":1670814924849,"action":"IDE_ACTIVATED"}
{"ts":1670814930554,"action":"IDE_DEACTIVATED"}
{"ts":1670815480868,"action":"IDE_ACTIVATED"}
{"ts":1670815516167,"action":"IDE_DEACTIVATED"}
{"ts":1670815527726,"action":"IDE_ACTIVATED"}
{"ts":1670815531709,"action":"IDE_DEACTIVATED"}
{"ts":1670815534310,"action":"IDE_ACTIVATED"}
{"ts":1670815534490,"action":"IDE_DEACTIVATED"}
{"ts":1670821040531,"action":"IDE_ACTIVATED"}
{"ts":1670821101536,"action":"IDE_DEACTIVATED"}
{"ts":1670821103752,"action":"IDE_ACTIVATED"}
{"ts":1670821270110,"action":"IDE_DEACTIVATED"}
{"ts":1670821270217,"action":"IDE_ACTIVATED"}
{"ts":1670821272223,"action":"FILE_CLOSED","file":"/BeeEngine/Engine/ObjectBehavior.cs","tags":{"FILE_LINE_OF_CODE":"7"}}
{"ts":1670821272223,"action":"FILE_OPENED","file":"/BeeEngine/Engine/GameObject.cs","tags":{"FILE_LINE_OF_CODE":"182"}}
{"ts":1670821335502,"action":"IDE_DEACTIVATED"}
{"ts":1670821383105,"action":"IDE_ACTIVATED"}
{"ts":1670821388987,"action":"FILE_CLOSED","file":"/BeeEngine/Engine/GameObject.cs","tags":{"FILE_LINE_OF_CODE":"183"}}
{"ts":1670821412037,"action":"IDE_DEACTIVATED"}
{"ts":1670821415470,"action":"IDE_ACTIVATED"}
{"ts":1670821428327,"action":"IDE_DEACTIVATED"}
{"ts":1670821428418,"action":"IDE_ACTIVATED"}
{"ts":1670821481503,"action":"IDE_DEACTIVATED"}
{"ts":1670821481582,"action":"IDE_ACTIVATED"}
{"ts":1670821488987,"action":"FILE_CLOSED","file":"/BeeEngine/Engine/assembly.cs","tags":{"FILE_LINE_OF_CODE":"1"}}
{"ts":1670821488987,"action":"FILE_OPENED","file":"/BeeEngine/Engine/ScriptBehavior.cs","tags":{"FILE_LINE_OF_CODE":"51"}}
{"ts":1670821541027,"action":"IDE_DEACTIVATED"}
{"ts":1670821574109,"action":"IDE_ACTIVATED"}
{"ts":1670823258466,"action":"IDE_DEACTIVATED"}
{"ts":1670823523621,"action":"IDE_ACTIVATED"}
{"ts":1670823525716,"action":"IDE_DEACTIVATED"}
{"ts":1670823603552,"action":"IDE_ACTIVATED"}
{"ts":1670823611282,"action":"IDE_DEACTIVATED"}
{"ts":1670823652179,"action":"IDE_ACTIVATED"}
{"ts":1670823707641,"action":"IDE_DEACTIVATED"}
{"ts":1670823726443,"action":"IDE_ACTIVATED"}
{"ts":1670823747213,"action":"IDE_DEACTIVATED"}
{"ts":1670824834644,"action":"IDE_ACTIVATED"}
{"ts":1670824836946,"action":"FILE_CLOSED","file":"/BeeEngine/Engine/ScriptBehavior.cs","tags":{"FILE_LINE_OF_CODE":"52"}}
{"ts":1670824836989,"action":"PROJECT_CLOSED","tags":{"PROJECT_NAME":"BeeEngine"}}
{"ts":1670859180822,"action":"FILE_OPENED","file":"/BeeEngine/Engine/Camera.cs","tags":{"FILE_LINE_OF_CODE":"374"}}
{"ts":1670859181364,"action":"FILE_CLOSED","file":"/BeeEngine/Engine/Camera.cs","tags":{"FILE_LINE_OF_CODE":"374"}}
{"ts":1670859181364,"action":"FILE_OPENED","file":"/BeeEngine/Engine/GameEngine.cs","tags":{"FILE_LINE_OF_CODE":"415"}}
{"ts":1670859181370,"action":"FILE_CLOSED","file":"/BeeEngine/Engine/GameEngine.cs","tags":{"FILE_LINE_OF_CODE":"415"}}
{"ts":1670859181370,"action":"FILE_OPENED","file":"/BeeEngine/Engine/ObjectBehavior.cs","tags":{"FILE_LINE_OF_CODE":"7"}}
{"ts":1670859181376,"action":"FILE_CLOSED","file":"/BeeEngine/Engine/ObjectBehavior.cs","tags":{"FILE_LINE_OF_CODE":"7"}}
{"ts":1670859181376,"action":"FILE_OPENED","file":"/BeeEngine/Engine/GameObject.cs","tags":{"FILE_LINE_OF_CODE":"183"}}
{"ts":1670859181381,"action":"FILE_CLOSED","file":"/BeeEngine/Engine/GameObject.cs","tags":{"FILE_LINE_OF_CODE":"183"}}
{"ts":1670859181381,"action":"FILE_OPENED","file":"/BeeEngine/Engine/assembly.cs","tags":{"FILE_LINE_OF_CODE":"1"}}
{"ts":1670859181388,"action":"FILE_CLOSED","file":"/BeeEngine/Engine/assembly.cs","tags":{"FILE_LINE_OF_CODE":"1"}}
{"ts":1670859181388,"action":"FILE_OPENED","file":"/BeeEngine/Engine/ScriptBehavior.cs","tags":{"FILE_LINE_OF_CODE":"52"}}
{"ts":1670859181394,"action":"FILE_CLOSED","file":"/BeeEngine/Engine/ScriptBehavior.cs","tags":{"FILE_LINE_OF_CODE":"52"}}
{"ts":1670859181394,"action":"FILE_OPENED","file":"/BeeEngine/Engine/WinForm.cs","tags":{"FILE_LINE_OF_CODE":"205"}}
{"ts":1670859181401,"action":"FILE_CLOSED","file":"/BeeEngine/Engine/WinForm.cs","tags":{"FILE_LINE_OF_CODE":"205"}}
{"ts":1670859181401,"action":"FILE_OPENED","file":"/BeeEngine/Engine/Graphics/Controls/MovableWindow.cs","tags":{"FILE_LINE_OF_CODE":"143"}}
{"ts":1670859181130,"action":"PROJECT_OPENED","tags":{"PROJECT_NAME":"BeeEngine"}}
{"ts":1670859188706,"action":"IDE_DEACTIVATED"}
{"ts":1670859191521,"action":"IDE_ACTIVATED"}
{"ts":1670859193075,"action":"FILE_CLOSED","file":"/BeeEngine/Engine/Graphics/Controls/MovableWindow.cs","tags":{"FILE_LINE_OF_CODE":"143"}}
{"ts":1670859193097,"action":"PROJECT_CLOSED","tags":{"PROJECT_NAME":"BeeEngine"}}
{"ts":1670860542337,"action":"FILE_OPENED","file":"/BeeEngine/Engine/Camera.cs","tags":{"FILE_LINE_OF_CODE":"374"}}
{"ts":1670860542614,"action":"PROJECT_OPENED","tags":{"PROJECT_NAME":"BeeEngine"}}
{"ts":1670860543048,"action":"FILE_CLOSED","file":"/BeeEngine/Engine/Camera.cs","tags":{"FILE_LINE_OF_CODE":"374"}}
{"ts":1670860543048,"action":"FILE_OPENED","file":"/BeeEngine/Engine/GameEngine.cs","tags":{"FILE_LINE_OF_CODE":"415"}}
{"ts":1670860543055,"action":"FILE_CLOSED","file":"/BeeEngine/Engine/GameEngine.cs","tags":{"FILE_LINE_OF_CODE":"415"}}
{"ts":1670860543055,"action":"FILE_OPENED","file":"/BeeEngine/Engine/ObjectBehavior.cs","tags":{"FILE_LINE_OF_CODE":"7"}}
{"ts":1670860543062,"action":"FILE_CLOSED","file":"/BeeEngine/Engine/ObjectBehavior.cs","tags":{"FILE_LINE_OF_CODE":"7"}}
{"ts":1670860543062,"action":"FILE_OPENED","file":"/BeeEngine/Engine/GameObject.cs","tags":{"FILE_LINE_OF_CODE":"183"}}
{"ts":1670860543069,"action":"FILE_CLOSED","file":"/BeeEngine/Engine/GameObject.cs","tags":{"FILE_LINE_OF_CODE":"183"}}
{"ts":1670860543069,"action":"FILE_OPENED","file":"/BeeEngine/Engine/assembly.cs","tags":{"FILE_LINE_OF_CODE":"1"}}
{"ts":1670860543077,"action":"FILE_CLOSED","file":"/BeeEngine/Engine/assembly.cs","tags":{"FILE_LINE_OF_CODE":"1"}}
{"ts":1670860543077,"action":"FILE_OPENED","file":"/BeeEngine/Engine/ScriptBehavior.cs","tags":{"FILE_LINE_OF_CODE":"52"}}
{"ts":1670860543086,"action":"FILE_CLOSED","file":"/BeeEngine/Engine/ScriptBehavior.cs","tags":{"FILE_LINE_OF_CODE":"52"}}
{"ts":1670860543086,"action":"FILE_OPENED","file":"/BeeEngine/Engine/WinForm.cs","tags":{"FILE_LINE_OF_CODE":"205"}}
{"ts":1670860543094,"action":"FILE_CLOSED","file":"/BeeEngine/Engine/WinForm.cs","tags":{"FILE_LINE_OF_CODE":"205"}}
{"ts":1670860543094,"action":"FILE_OPENED","file":"/BeeEngine/Engine/Graphics/Controls/MovableWindow.cs","tags":{"FILE_LINE_OF_CODE":"143"}}
{"ts":1670860584547,"action":"IDE_DEACTIVATED"}
{"ts":1670860595878,"action":"IDE_ACTIVATED"}
{"ts":1670860597271,"action":"FILE_CLOSED","file":"/BeeEngine/Engine/Graphics/Controls/MovableWindow.cs","tags":{"FILE_LINE_OF_CODE":"143"}}
{"ts":1670860654137,"action":"FILE_CLOSED","file":"/BeeEngine/Engine/Camera.cs","tags":{"FILE_LINE_OF_CODE":"406"}}
{"ts":1670860654137,"action":"FILE_OPENED","file":"/BeeEngine/Engine/Graphics/Drawing/FastGraphics.cs","tags":{"FILE_LINE_OF_CODE":"324"}}
{"ts":1670860738225,"action":"FILE_CLOSED","file":"/BeeEngine/Engine/Graphics/Drawing/FastGraphics.cs","tags":{"FILE_LINE_OF_CODE":"325"}}
{"ts":1670860738225,"action":"FILE_OPENED","file":"/BeeEngine/Engine/Camera.cs","tags":{"FILE_LINE_OF_CODE":"406"}}
{"ts":1670860747874,"action":"FILE_CLOSED","file":"/BeeEngine/Engine/Camera.cs","tags":{"FILE_LINE_OF_CODE":"406"}}
{"ts":1670860747874,"action":"FILE_OPENED","file":"/BeeEngine/Engine/WinForm.cs","tags":{"FILE_LINE_OF_CODE":"205"}}
{"ts":1670860783834,"action":"FILE_CLOSED","file":"/BeeEngine/Engine/WinForm.cs","tags":{"FILE_LINE_OF_CODE":"206"}}
{"ts":1670860783834,"action":"FILE_OPENED","file":"/BeeEngine/Engine/Graphics/Drawing/FastGraphics.cs","tags":{"FILE_LINE_OF_CODE":"325"}}
{"ts":1670860796215,"action":"FILE_CLOSED","file":"/BeeEngine/Engine/Graphics/Drawing/FastGraphics.cs","tags":{"FILE_LINE_OF_CODE":"325"}}
{"ts":1670860796215,"action":"FILE_OPENED","file":"/BeeEngine/Engine/Graphics/Drawing/RenderingQueue.cs","tags":{"FILE_LINE_OF_CODE":"97"}}
{"ts":1670860855937,"action":"FILE_CLOSED","file":"/BeeEngine/Engine/Graphics/Drawing/RenderingQueue.cs","tags":{"FILE_LINE_OF_CODE":"98"}}
{"ts":1670860855937,"action":"FILE_OPENED","file":"/BeeEngine/Engine/Graphics/Drawing/Sprite2D.cs","tags":{"FILE_LINE_OF_CODE":"759"}}
{"ts":1670860923893,"action":"FILE_CLOSED","file":"/BeeEngine/Engine/Graphics/Drawing/Sprite2D.cs","tags":{"FILE_LINE_OF_CODE":"720"}}
{"ts":1670860923893,"action":"FILE_OPENED","file":"/BeeEngine/Engine/Utils/Input.cs","tags":{"FILE_LINE_OF_CODE":"65"}}
{"ts":1670861116817,"action":"IDE_DEACTIVATED"}
{"ts":1670861117713,"action":"IDE_ACTIVATED"}
{"ts":1670861119600,"action":"IDE_DEACTIVATED"}
{"ts":1670861121113,"action":"IDE_ACTIVATED"}
{"ts":1670861153460,"action":"IDE_DEACTIVATED"}
{"ts":1670861159103,"action":"IDE_ACTIVATED"}
{"ts":1670861225543,"action":"IDE_DEACTIVATED"}
{"ts":1670861231033,"action":"IDE_ACTIVATED"}
{"ts":1670861239619,"action":"IDE_DEACTIVATED"}
{"ts":1670861246495,"action":"IDE_ACTIVATED"}
{"ts":1670861465951,"action":"IDE_DEACTIVATED"}
{"ts":1670861474423,"action":"IDE_ACTIVATED"}
{"ts":1670861490937,"action":"IDE_DEACTIVATED"}
{"ts":1670861499483,"action":"IDE_ACTIVATED"}
{"ts":1670861507514,"action":"IDE_DEACTIVATED"}
{"ts":1670861513822,"action":"IDE_ACTIVATED"}
{"ts":1670861599845,"action":"IDE_DEACTIVATED"}
{"ts":1670861603277,"action":"IDE_ACTIVATED"}
{"ts":1670861611796,"action":"IDE_DEACTIVATED"}
{"ts":1670861634307,"action":"IDE_ACTIVATED"}
{"ts":1670861649133,"action":"IDE_DEACTIVATED"}
{"ts":1670861725227,"action":"IDE_ACTIVATED"}
{"ts":1670861741360,"action":"IDE_DEACTIVATED"}
{"ts":1670861744941,"action":"IDE_ACTIVATED"}
{"ts":1670861747022,"action":"IDE_DEACTIVATED"}
{"ts":1670861890654,"action":"IDE_ACTIVATED"}
{"ts":1670861980319,"action":"IDE_DEACTIVATED"}
{"ts":1670862115921,"action":"IDE_ACTIVATED"}
{"ts":1670862188250,"action":"IDE_DEACTIVATED"}
{"ts":1670862191874,"action":"IDE_ACTIVATED"}
{"ts":1670862230693,"action":"IDE_DEACTIVATED"}
{"ts":1670862260234,"action":"IDE_ACTIVATED"}
{"ts":1670862353556,"action":"IDE_DEACTIVATED"}
{"ts":1670862357783,"action":"IDE_ACTIVATED"}
{"ts":1670862413555,"action":"IDE_DEACTIVATED"}
{"ts":1670862413725,"action":"IDE_ACTIVATED"}
{"ts":1670862426456,"action":"IDE_DEACTIVATED"}
{"ts":1670862437795,"action":"IDE_ACTIVATED"}
{"ts":1670862462458,"action":"IDE_DEACTIVATED"}
{"ts":1670862488232,"action":"IDE_ACTIVATED"}
{"ts":1670862551762,"action":"IDE_DEACTIVATED"}
{"ts":1670862553295,"action":"IDE_ACTIVATED"}
{"ts":1670862597450,"action":"IDE_DEACTIVATED"}
{"ts":1670862602255,"action":"IDE_ACTIVATED"}
{"ts":1670862616946,"action":"IDE_DEACTIVATED"}
{"ts":1670862619278,"action":"IDE_ACTIVATED"}
{"ts":1670862690062,"action":"IDE_DEACTIVATED"}
{"ts":1670862693300,"action":"IDE_ACTIVATED"}
{"ts":1670862705106,"action":"IDE_DEACTIVATED"}
{"ts":1670862709477,"action":"IDE_ACTIVATED"}
{"ts":1670862729118,"action":"IDE_DEACTIVATED"}
{"ts":1670862734464,"action":"IDE_ACTIVATED"}
{"ts":1670862808381,"action":"IDE_DEACTIVATED"}
{"ts":1670862812234,"action":"IDE_ACTIVATED"}
{"ts":1670862820697,"action":"IDE_DEACTIVATED"}
{"ts":1670862828487,"action":"IDE_ACTIVATED"}
{"ts":1670862829996,"action":"IDE_DEACTIVATED"}
{"ts":1670862886452,"action":"IDE_ACTIVATED"}
{"ts":1670862890864,"action":"IDE_DEACTIVATED"}
{"ts":1670862895510,"action":"IDE_ACTIVATED"}
{"ts":1670862899954,"action":"IDE_DEACTIVATED"}
{"ts":1670862903017,"action":"IDE_ACTIVATED"}
{"ts":1670862908774,"action":"IDE_DEACTIVATED"}
{"ts":1670862911318,"action":"IDE_ACTIVATED"}
{"ts":1670862935611,"action":"IDE_DEACTIVATED"}
{"ts":1670862973620,"action":"IDE_ACTIVATED"}
{"ts":1670863041002,"action":"IDE_DEACTIVATED"}
{"ts":1670863072589,"action":"IDE_ACTIVATED"}
{"ts":1670863079226,"action":"IDE_DEACTIVATED"}
{"ts":1670863085571,"action":"IDE_ACTIVATED"}
{"ts":1670863111760,"action":"IDE_DEACTIVATED"}
{"ts":1670863353761,"action":"IDE_ACTIVATED"}
{"ts":1670863413253,"action":"IDE_DEACTIVATED"}
{"ts":1670863430051,"action":"IDE_ACTIVATED"}
{"ts":1670863442499,"action":"IDE_DEACTIVATED"}
{"ts":1670863442623,"action":"IDE_ACTIVATED"}
{"ts":1670863455259,"action":"IDE_DEACTIVATED"}
{"ts":1670863459642,"action":"IDE_ACTIVATED"}
{"ts":1670863504895,"action":"IDE_DEACTIVATED"}
{"ts":1670863821578,"action":"IDE_ACTIVATED"}
{"ts":1670863831041,"action":"IDE_DEACTIVATED"}
{"ts":1670863839980,"action":"IDE_ACTIVATED"}
{"ts":1670863851686,"action":"IDE_DEACTIVATED"}
{"ts":1670863967396,"action":"IDE_ACTIVATED"}
{"ts":1670863997896,"action":"IDE_DEACTIVATED"}
{"ts":1670864068612,"action":"IDE_ACTIVATED"}
{"ts":1670864071175,"action":"IDE_DEACTIVATED"}
{"ts":1670864071310,"action":"IDE_ACTIVATED"}
{"ts":1670864078581,"action":"FILE_CLOSED","file":"/BeeEngine/Engine/Utils/Input.cs","tags":{"FILE_LINE_OF_CODE":"65"}}
{"ts":1670864078581,"action":"FILE_OPENED","file":"/BeeEngine/Engine/Camera.cs","tags":{"FILE_LINE_OF_CODE":"406"}}
{"ts":1670864124436,"action":"IDE_DEACTIVATED"}
{"ts":1670864144776,"action":"IDE_ACTIVATED"}
{"ts":1670864301029,"action":"IDE_DEACTIVATED"}
{"ts":1670864342389,"action":"IDE_ACTIVATED"}
{"ts":1670864364506,"action":"IDE_DEACTIVATED"}
{"ts":1670864376051,"action":"IDE_ACTIVATED"}
